<?xml version="1.0" encoding="UTF-8"?>
<testsuites>
  <testsuite name="" tests="42" assertions="205" errors="0" warnings="0" failures="0" skipped="0" time="0.464786">
    <testsuite name="Feature" tests="42" assertions="205" errors="0" warnings="0" failures="0" skipped="0" time="0.464786">
      <testsuite name="Tests\Feature\BooksListTest" file="/Users/pooya/Downloads/tasks/a/example-app/tests/Feature/BookListTest.php" tests="7" assertions="100" errors="0" warnings="0" failures="0" skipped="0" time="0.204144">
        <testcase name="testResponseStructure" class="Tests\Feature\BooksListTest" classname="Tests.Feature.BooksListTest" file="/Users/pooya/Downloads/tasks/a/example-app/tests/Feature/BookListTest.php" line="14" assertions="76" time="0.116081"/>
        <testcase name="testListWithoutFilters" class="Tests\Feature\BooksListTest" classname="Tests.Feature.BooksListTest" file="/Users/pooya/Downloads/tasks/a/example-app/tests/Feature/BookListTest.php" line="72" assertions="2" time="0.016431"/>
        <testcase name="testTitleFilter" class="Tests\Feature\BooksListTest" classname="Tests.Feature.BooksListTest" file="/Users/pooya/Downloads/tasks/a/example-app/tests/Feature/BookListTest.php" line="92" assertions="4" time="0.010197"/>
        <testcase name="testAuthorsFilter" class="Tests\Feature\BooksListTest" classname="Tests.Feature.BooksListTest" file="/Users/pooya/Downloads/tasks/a/example-app/tests/Feature/BookListTest.php" line="109" assertions="6" time="0.010810"/>
        <testcase name="testTitleSort" class="Tests\Feature\BooksListTest" classname="Tests.Feature.BooksListTest" file="/Users/pooya/Downloads/tasks/a/example-app/tests/Feature/BookListTest.php" line="139" assertions="4" time="0.008810"/>
        <testcase name="testAvgReviewSort" class="Tests\Feature\BooksListTest" classname="Tests.Feature.BooksListTest" file="/Users/pooya/Downloads/tasks/a/example-app/tests/Feature/BookListTest.php" line="157" assertions="4" time="0.011354"/>
        <testcase name="testPagination" class="Tests\Feature\BooksListTest" classname="Tests.Feature.BooksListTest" file="/Users/pooya/Downloads/tasks/a/example-app/tests/Feature/BookListTest.php" line="189" assertions="4" time="0.030463"/>
      </testsuite>
      <testsuite name="Tests\Feature\BookPostTest" file="/Users/pooya/Downloads/tasks/a/example-app/tests/Feature/BookPostTest.php" tests="24" assertions="71" errors="0" warnings="0" failures="0" skipped="0" time="0.184111">
        <testcase name="testDenyGuestAccess" class="Tests\Feature\BookPostTest" classname="Tests.Feature.BookPostTest" file="/Users/pooya/Downloads/tasks/a/example-app/tests/Feature/BookPostTest.php" line="13" assertions="1" time="0.011569"/>
        <testcase name="testDenyNonAdminUserAccess" class="Tests\Feature\BookPostTest" classname="Tests.Feature.BookPostTest" file="/Users/pooya/Downloads/tasks/a/example-app/tests/Feature/BookPostTest.php" line="27" assertions="1" time="0.009738"/>
        <testcase name="testSuccessfulPost" class="Tests\Feature\BookPostTest" classname="Tests.Feature.BookPostTest" file="/Users/pooya/Downloads/tasks/a/example-app/tests/Feature/BookPostTest.php" line="44" assertions="6" time="0.013626"/>
        <testsuite name="Tests\Feature\BookPostTest::testValidation" tests="21" assertions="63" errors="0" warnings="0" failures="0" skipped="0" time="0.149177">
          <testcase name="testValidation with data set #0" class="Tests\Feature\BookPostTest" classname="Tests.Feature.BookPostTest" file="/Users/pooya/Downloads/tasks/a/example-app/tests/Feature/BookPostTest.php" line="72" assertions="3" time="0.010002"/>
          <testcase name="testValidation with data set #1" class="Tests\Feature\BookPostTest" classname="Tests.Feature.BookPostTest" file="/Users/pooya/Downloads/tasks/a/example-app/tests/Feature/BookPostTest.php" line="72" assertions="3" time="0.007506"/>
          <testcase name="testValidation with data set #2" class="Tests\Feature\BookPostTest" classname="Tests.Feature.BookPostTest" file="/Users/pooya/Downloads/tasks/a/example-app/tests/Feature/BookPostTest.php" line="72" assertions="3" time="0.006674"/>
          <testcase name="testValidation with data set #3" class="Tests\Feature\BookPostTest" classname="Tests.Feature.BookPostTest" file="/Users/pooya/Downloads/tasks/a/example-app/tests/Feature/BookPostTest.php" line="72" assertions="3" time="0.006341"/>
          <testcase name="testValidation with data set #4" class="Tests\Feature\BookPostTest" classname="Tests.Feature.BookPostTest" file="/Users/pooya/Downloads/tasks/a/example-app/tests/Feature/BookPostTest.php" line="72" assertions="3" time="0.006352"/>
          <testcase name="testValidation with data set #5" class="Tests\Feature\BookPostTest" classname="Tests.Feature.BookPostTest" file="/Users/pooya/Downloads/tasks/a/example-app/tests/Feature/BookPostTest.php" line="72" assertions="3" time="0.006262"/>
          <testcase name="testValidation with data set #6" class="Tests\Feature\BookPostTest" classname="Tests.Feature.BookPostTest" file="/Users/pooya/Downloads/tasks/a/example-app/tests/Feature/BookPostTest.php" line="72" assertions="3" time="0.006383"/>
          <testcase name="testValidation with data set #7" class="Tests\Feature\BookPostTest" classname="Tests.Feature.BookPostTest" file="/Users/pooya/Downloads/tasks/a/example-app/tests/Feature/BookPostTest.php" line="72" assertions="3" time="0.006380"/>
          <testcase name="testValidation with data set #8" class="Tests\Feature\BookPostTest" classname="Tests.Feature.BookPostTest" file="/Users/pooya/Downloads/tasks/a/example-app/tests/Feature/BookPostTest.php" line="72" assertions="3" time="0.006454"/>
          <testcase name="testValidation with data set #9" class="Tests\Feature\BookPostTest" classname="Tests.Feature.BookPostTest" file="/Users/pooya/Downloads/tasks/a/example-app/tests/Feature/BookPostTest.php" line="72" assertions="3" time="0.006353"/>
          <testcase name="testValidation with data set #10" class="Tests\Feature\BookPostTest" classname="Tests.Feature.BookPostTest" file="/Users/pooya/Downloads/tasks/a/example-app/tests/Feature/BookPostTest.php" line="72" assertions="3" time="0.006414"/>
          <testcase name="testValidation with data set #11" class="Tests\Feature\BookPostTest" classname="Tests.Feature.BookPostTest" file="/Users/pooya/Downloads/tasks/a/example-app/tests/Feature/BookPostTest.php" line="72" assertions="3" time="0.006311"/>
          <testcase name="testValidation with data set #12" class="Tests\Feature\BookPostTest" classname="Tests.Feature.BookPostTest" file="/Users/pooya/Downloads/tasks/a/example-app/tests/Feature/BookPostTest.php" line="72" assertions="3" time="0.006371"/>
          <testcase name="testValidation with data set #13" class="Tests\Feature\BookPostTest" classname="Tests.Feature.BookPostTest" file="/Users/pooya/Downloads/tasks/a/example-app/tests/Feature/BookPostTest.php" line="72" assertions="3" time="0.006403"/>
          <testcase name="testValidation with data set #14" class="Tests\Feature\BookPostTest" classname="Tests.Feature.BookPostTest" file="/Users/pooya/Downloads/tasks/a/example-app/tests/Feature/BookPostTest.php" line="72" assertions="3" time="0.006291"/>
          <testcase name="testValidation with data set #15" class="Tests\Feature\BookPostTest" classname="Tests.Feature.BookPostTest" file="/Users/pooya/Downloads/tasks/a/example-app/tests/Feature/BookPostTest.php" line="72" assertions="3" time="0.007869"/>
          <testcase name="testValidation with data set #16" class="Tests\Feature\BookPostTest" classname="Tests.Feature.BookPostTest" file="/Users/pooya/Downloads/tasks/a/example-app/tests/Feature/BookPostTest.php" line="72" assertions="3" time="0.007531"/>
          <testcase name="testValidation with data set #17" class="Tests\Feature\BookPostTest" classname="Tests.Feature.BookPostTest" file="/Users/pooya/Downloads/tasks/a/example-app/tests/Feature/BookPostTest.php" line="72" assertions="3" time="0.007558"/>
          <testcase name="testValidation with data set #18" class="Tests\Feature\BookPostTest" classname="Tests.Feature.BookPostTest" file="/Users/pooya/Downloads/tasks/a/example-app/tests/Feature/BookPostTest.php" line="72" assertions="3" time="0.008322"/>
          <testcase name="testValidation with data set #19" class="Tests\Feature\BookPostTest" classname="Tests.Feature.BookPostTest" file="/Users/pooya/Downloads/tasks/a/example-app/tests/Feature/BookPostTest.php" line="72" assertions="3" time="0.010430"/>
          <testcase name="testValidation with data set #20" class="Tests\Feature\BookPostTest" classname="Tests.Feature.BookPostTest" file="/Users/pooya/Downloads/tasks/a/example-app/tests/Feature/BookPostTest.php" line="72" assertions="3" time="0.006969"/>
        </testsuite>
      </testsuite>
      <testsuite name="Tests\Feature\BookReviewTest" file="/Users/pooya/Downloads/tasks/a/example-app/tests/Feature/BookReviewTest.php" tests="11" assertions="34" errors="0" warnings="0" failures="0" skipped="0" time="0.076531">
        <testcase name="testDenyGuestAccess" class="Tests\Feature\BookReviewTest" classname="Tests.Feature.BookReviewTest" file="/Users/pooya/Downloads/tasks/a/example-app/tests/Feature/BookReviewTest.php" line="14" assertions="1" time="0.009366"/>
        <testcase name="testSuccessfulPost" class="Tests\Feature\BookReviewTest" classname="Tests.Feature.BookReviewTest" file="/Users/pooya/Downloads/tasks/a/example-app/tests/Feature/BookReviewTest.php" line="26" assertions="6" time="0.011545"/>
        <testsuite name="Tests\Feature\BookReviewTest::testValidation" tests="9" assertions="27" errors="0" warnings="0" failures="0" skipped="0" time="0.055620">
          <testcase name="testValidation with data set #0" class="Tests\Feature\BookReviewTest" classname="Tests.Feature.BookReviewTest" file="/Users/pooya/Downloads/tasks/a/example-app/tests/Feature/BookReviewTest.php" line="64" assertions="3" time="0.006601"/>
          <testcase name="testValidation with data set #1" class="Tests\Feature\BookReviewTest" classname="Tests.Feature.BookReviewTest" file="/Users/pooya/Downloads/tasks/a/example-app/tests/Feature/BookReviewTest.php" line="64" assertions="3" time="0.005939"/>
          <testcase name="testValidation with data set #2" class="Tests\Feature\BookReviewTest" classname="Tests.Feature.BookReviewTest" file="/Users/pooya/Downloads/tasks/a/example-app/tests/Feature/BookReviewTest.php" line="64" assertions="3" time="0.006780"/>
          <testcase name="testValidation with data set #3" class="Tests\Feature\BookReviewTest" classname="Tests.Feature.BookReviewTest" file="/Users/pooya/Downloads/tasks/a/example-app/tests/Feature/BookReviewTest.php" line="64" assertions="3" time="0.006539"/>
          <testcase name="testValidation with data set #4" class="Tests\Feature\BookReviewTest" classname="Tests.Feature.BookReviewTest" file="/Users/pooya/Downloads/tasks/a/example-app/tests/Feature/BookReviewTest.php" line="64" assertions="3" time="0.006048"/>
          <testcase name="testValidation with data set #5" class="Tests\Feature\BookReviewTest" classname="Tests.Feature.BookReviewTest" file="/Users/pooya/Downloads/tasks/a/example-app/tests/Feature/BookReviewTest.php" line="64" assertions="3" time="0.005928"/>
          <testcase name="testValidation with data set #6" class="Tests\Feature\BookReviewTest" classname="Tests.Feature.BookReviewTest" file="/Users/pooya/Downloads/tasks/a/example-app/tests/Feature/BookReviewTest.php" line="64" assertions="3" time="0.005964"/>
          <testcase name="testValidation with data set #7" class="Tests\Feature\BookReviewTest" classname="Tests.Feature.BookReviewTest" file="/Users/pooya/Downloads/tasks/a/example-app/tests/Feature/BookReviewTest.php" line="64" assertions="3" time="0.005927"/>
          <testcase name="testValidation with data set #8" class="Tests\Feature\BookReviewTest" classname="Tests.Feature.BookReviewTest" file="/Users/pooya/Downloads/tasks/a/example-app/tests/Feature/BookReviewTest.php" line="64" assertions="3" time="0.005893"/>
        </testsuite>
      </testsuite>
    </testsuite>
  </testsuite>
</testsuites>
