<?xml version="1.0" encoding="UTF-8"?>
<testsuites>
  <testsuite name="" tests="42" assertions="205" errors="0" warnings="0" failures="0" skipped="0" time="0.387592">
    <testsuite name="Feature" tests="42" assertions="205" errors="0" warnings="0" failures="0" skipped="0" time="0.387592">
      <testsuite name="Tests\Feature\BooksListTest" file="/Users/pooya/Downloads/tasks/a/example-app/tests/Feature/BookListTest.php" tests="7" assertions="100" errors="0" warnings="0" failures="0" skipped="0" time="0.219277">
        <testcase name="testResponseStructure" class="Tests\Feature\BooksListTest" classname="Tests.Feature.BooksListTest" file="/Users/pooya/Downloads/tasks/a/example-app/tests/Feature/BookListTest.php" line="14" assertions="76" time="0.143948"/>
        <testcase name="testListWithoutFilters" class="Tests\Feature\BooksListTest" classname="Tests.Feature.BooksListTest" file="/Users/pooya/Downloads/tasks/a/example-app/tests/Feature/BookListTest.php" line="72" assertions="2" time="0.030106"/>
        <testcase name="testTitleFilter" class="Tests\Feature\BooksListTest" classname="Tests.Feature.BooksListTest" file="/Users/pooya/Downloads/tasks/a/example-app/tests/Feature/BookListTest.php" line="92" assertions="4" time="0.005994"/>
        <testcase name="testAuthorsFilter" class="Tests\Feature\BooksListTest" classname="Tests.Feature.BooksListTest" file="/Users/pooya/Downloads/tasks/a/example-app/tests/Feature/BookListTest.php" line="109" assertions="6" time="0.008459"/>
        <testcase name="testTitleSort" class="Tests\Feature\BooksListTest" classname="Tests.Feature.BooksListTest" file="/Users/pooya/Downloads/tasks/a/example-app/tests/Feature/BookListTest.php" line="139" assertions="4" time="0.006796"/>
        <testcase name="testAvgReviewSort" class="Tests\Feature\BooksListTest" classname="Tests.Feature.BooksListTest" file="/Users/pooya/Downloads/tasks/a/example-app/tests/Feature/BookListTest.php" line="157" assertions="4" time="0.007520"/>
        <testcase name="testPagination" class="Tests\Feature\BooksListTest" classname="Tests.Feature.BooksListTest" file="/Users/pooya/Downloads/tasks/a/example-app/tests/Feature/BookListTest.php" line="189" assertions="4" time="0.016454"/>
      </testsuite>
      <testsuite name="Tests\Feature\BookPostTest" file="/Users/pooya/Downloads/tasks/a/example-app/tests/Feature/BookPostTest.php" tests="24" assertions="71" errors="0" warnings="0" failures="0" skipped="0" time="0.120678">
        <testcase name="testDenyGuestAccess" class="Tests\Feature\BookPostTest" classname="Tests.Feature.BookPostTest" file="/Users/pooya/Downloads/tasks/a/example-app/tests/Feature/BookPostTest.php" line="13" assertions="1" time="0.008849"/>
        <testcase name="testDenyNonAdminUserAccess" class="Tests\Feature\BookPostTest" classname="Tests.Feature.BookPostTest" file="/Users/pooya/Downloads/tasks/a/example-app/tests/Feature/BookPostTest.php" line="27" assertions="1" time="0.005012"/>
        <testcase name="testSuccessfulPost" class="Tests\Feature\BookPostTest" classname="Tests.Feature.BookPostTest" file="/Users/pooya/Downloads/tasks/a/example-app/tests/Feature/BookPostTest.php" line="44" assertions="6" time="0.009795"/>
        <testsuite name="Tests\Feature\BookPostTest::testValidation" tests="21" assertions="63" errors="0" warnings="0" failures="0" skipped="0" time="0.097023">
          <testcase name="testValidation with data set #0" class="Tests\Feature\BookPostTest" classname="Tests.Feature.BookPostTest" file="/Users/pooya/Downloads/tasks/a/example-app/tests/Feature/BookPostTest.php" line="72" assertions="3" time="0.006729"/>
          <testcase name="testValidation with data set #1" class="Tests\Feature\BookPostTest" classname="Tests.Feature.BookPostTest" file="/Users/pooya/Downloads/tasks/a/example-app/tests/Feature/BookPostTest.php" line="72" assertions="3" time="0.004428"/>
          <testcase name="testValidation with data set #2" class="Tests\Feature\BookPostTest" classname="Tests.Feature.BookPostTest" file="/Users/pooya/Downloads/tasks/a/example-app/tests/Feature/BookPostTest.php" line="72" assertions="3" time="0.004307"/>
          <testcase name="testValidation with data set #3" class="Tests\Feature\BookPostTest" classname="Tests.Feature.BookPostTest" file="/Users/pooya/Downloads/tasks/a/example-app/tests/Feature/BookPostTest.php" line="72" assertions="3" time="0.004268"/>
          <testcase name="testValidation with data set #4" class="Tests\Feature\BookPostTest" classname="Tests.Feature.BookPostTest" file="/Users/pooya/Downloads/tasks/a/example-app/tests/Feature/BookPostTest.php" line="72" assertions="3" time="0.004253"/>
          <testcase name="testValidation with data set #5" class="Tests\Feature\BookPostTest" classname="Tests.Feature.BookPostTest" file="/Users/pooya/Downloads/tasks/a/example-app/tests/Feature/BookPostTest.php" line="72" assertions="3" time="0.004494"/>
          <testcase name="testValidation with data set #6" class="Tests\Feature\BookPostTest" classname="Tests.Feature.BookPostTest" file="/Users/pooya/Downloads/tasks/a/example-app/tests/Feature/BookPostTest.php" line="72" assertions="3" time="0.004385"/>
          <testcase name="testValidation with data set #7" class="Tests\Feature\BookPostTest" classname="Tests.Feature.BookPostTest" file="/Users/pooya/Downloads/tasks/a/example-app/tests/Feature/BookPostTest.php" line="72" assertions="3" time="0.004394"/>
          <testcase name="testValidation with data set #8" class="Tests\Feature\BookPostTest" classname="Tests.Feature.BookPostTest" file="/Users/pooya/Downloads/tasks/a/example-app/tests/Feature/BookPostTest.php" line="72" assertions="3" time="0.004260"/>
          <testcase name="testValidation with data set #9" class="Tests\Feature\BookPostTest" classname="Tests.Feature.BookPostTest" file="/Users/pooya/Downloads/tasks/a/example-app/tests/Feature/BookPostTest.php" line="72" assertions="3" time="0.004292"/>
          <testcase name="testValidation with data set #10" class="Tests\Feature\BookPostTest" classname="Tests.Feature.BookPostTest" file="/Users/pooya/Downloads/tasks/a/example-app/tests/Feature/BookPostTest.php" line="72" assertions="3" time="0.004368"/>
          <testcase name="testValidation with data set #11" class="Tests\Feature\BookPostTest" classname="Tests.Feature.BookPostTest" file="/Users/pooya/Downloads/tasks/a/example-app/tests/Feature/BookPostTest.php" line="72" assertions="3" time="0.004224"/>
          <testcase name="testValidation with data set #12" class="Tests\Feature\BookPostTest" classname="Tests.Feature.BookPostTest" file="/Users/pooya/Downloads/tasks/a/example-app/tests/Feature/BookPostTest.php" line="72" assertions="3" time="0.004286"/>
          <testcase name="testValidation with data set #13" class="Tests\Feature\BookPostTest" classname="Tests.Feature.BookPostTest" file="/Users/pooya/Downloads/tasks/a/example-app/tests/Feature/BookPostTest.php" line="72" assertions="3" time="0.004341"/>
          <testcase name="testValidation with data set #14" class="Tests\Feature\BookPostTest" classname="Tests.Feature.BookPostTest" file="/Users/pooya/Downloads/tasks/a/example-app/tests/Feature/BookPostTest.php" line="72" assertions="3" time="0.004650"/>
          <testcase name="testValidation with data set #15" class="Tests\Feature\BookPostTest" classname="Tests.Feature.BookPostTest" file="/Users/pooya/Downloads/tasks/a/example-app/tests/Feature/BookPostTest.php" line="72" assertions="3" time="0.004456"/>
          <testcase name="testValidation with data set #16" class="Tests\Feature\BookPostTest" classname="Tests.Feature.BookPostTest" file="/Users/pooya/Downloads/tasks/a/example-app/tests/Feature/BookPostTest.php" line="72" assertions="3" time="0.004428"/>
          <testcase name="testValidation with data set #17" class="Tests\Feature\BookPostTest" classname="Tests.Feature.BookPostTest" file="/Users/pooya/Downloads/tasks/a/example-app/tests/Feature/BookPostTest.php" line="72" assertions="3" time="0.004793"/>
          <testcase name="testValidation with data set #18" class="Tests\Feature\BookPostTest" classname="Tests.Feature.BookPostTest" file="/Users/pooya/Downloads/tasks/a/example-app/tests/Feature/BookPostTest.php" line="72" assertions="3" time="0.004758"/>
          <testcase name="testValidation with data set #19" class="Tests\Feature\BookPostTest" classname="Tests.Feature.BookPostTest" file="/Users/pooya/Downloads/tasks/a/example-app/tests/Feature/BookPostTest.php" line="72" assertions="3" time="0.006270"/>
          <testcase name="testValidation with data set #20" class="Tests\Feature\BookPostTest" classname="Tests.Feature.BookPostTest" file="/Users/pooya/Downloads/tasks/a/example-app/tests/Feature/BookPostTest.php" line="72" assertions="3" time="0.004639"/>
        </testsuite>
      </testsuite>
      <testsuite name="Tests\Feature\BookReviewTest" file="/Users/pooya/Downloads/tasks/a/example-app/tests/Feature/BookReviewTest.php" tests="11" assertions="34" errors="0" warnings="0" failures="0" skipped="0" time="0.047637">
        <testcase name="testDenyGuestAccess" class="Tests\Feature\BookReviewTest" classname="Tests.Feature.BookReviewTest" file="/Users/pooya/Downloads/tasks/a/example-app/tests/Feature/BookReviewTest.php" line="14" assertions="1" time="0.004873"/>
        <testcase name="testSuccessfulPost" class="Tests\Feature\BookReviewTest" classname="Tests.Feature.BookReviewTest" file="/Users/pooya/Downloads/tasks/a/example-app/tests/Feature/BookReviewTest.php" line="26" assertions="6" time="0.006078"/>
        <testsuite name="Tests\Feature\BookReviewTest::testValidation" tests="9" assertions="27" errors="0" warnings="0" failures="0" skipped="0" time="0.036685">
          <testcase name="testValidation with data set #0" class="Tests\Feature\BookReviewTest" classname="Tests.Feature.BookReviewTest" file="/Users/pooya/Downloads/tasks/a/example-app/tests/Feature/BookReviewTest.php" line="64" assertions="3" time="0.004248"/>
          <testcase name="testValidation with data set #1" class="Tests\Feature\BookReviewTest" classname="Tests.Feature.BookReviewTest" file="/Users/pooya/Downloads/tasks/a/example-app/tests/Feature/BookReviewTest.php" line="64" assertions="3" time="0.004408"/>
          <testcase name="testValidation with data set #2" class="Tests\Feature\BookReviewTest" classname="Tests.Feature.BookReviewTest" file="/Users/pooya/Downloads/tasks/a/example-app/tests/Feature/BookReviewTest.php" line="64" assertions="3" time="0.003962"/>
          <testcase name="testValidation with data set #3" class="Tests\Feature\BookReviewTest" classname="Tests.Feature.BookReviewTest" file="/Users/pooya/Downloads/tasks/a/example-app/tests/Feature/BookReviewTest.php" line="64" assertions="3" time="0.003940"/>
          <testcase name="testValidation with data set #4" class="Tests\Feature\BookReviewTest" classname="Tests.Feature.BookReviewTest" file="/Users/pooya/Downloads/tasks/a/example-app/tests/Feature/BookReviewTest.php" line="64" assertions="3" time="0.004165"/>
          <testcase name="testValidation with data set #5" class="Tests\Feature\BookReviewTest" classname="Tests.Feature.BookReviewTest" file="/Users/pooya/Downloads/tasks/a/example-app/tests/Feature/BookReviewTest.php" line="64" assertions="3" time="0.004122"/>
          <testcase name="testValidation with data set #6" class="Tests\Feature\BookReviewTest" classname="Tests.Feature.BookReviewTest" file="/Users/pooya/Downloads/tasks/a/example-app/tests/Feature/BookReviewTest.php" line="64" assertions="3" time="0.003944"/>
          <testcase name="testValidation with data set #7" class="Tests\Feature\BookReviewTest" classname="Tests.Feature.BookReviewTest" file="/Users/pooya/Downloads/tasks/a/example-app/tests/Feature/BookReviewTest.php" line="64" assertions="3" time="0.003864"/>
          <testcase name="testValidation with data set #8" class="Tests\Feature\BookReviewTest" classname="Tests.Feature.BookReviewTest" file="/Users/pooya/Downloads/tasks/a/example-app/tests/Feature/BookReviewTest.php" line="64" assertions="3" time="0.004032"/>
        </testsuite>
      </testsuite>
    </testsuite>
  </testsuite>
</testsuites>
