<?xml version="1.0" encoding="UTF-8"?>
<testsuites>
  <testsuite name="" tests="7" assertions="42" errors="0" warnings="0" failures="6" skipped="0" time="0.178976">
    <testsuite name="Feature" tests="7" assertions="42" errors="0" warnings="0" failures="6" skipped="0" time="0.178976">
      <testsuite name="Tests\Feature\BooksListTest" file="/Users/pooya/Downloads/tasks/a/example-app/tests/Feature/BookListTest.php" tests="7" assertions="42" errors="0" warnings="0" failures="6" skipped="0" time="0.178976">
        <testcase name="testResponseStructure" class="Tests\Feature\BooksListTest" classname="Tests.Feature.BooksListTest" file="/Users/pooya/Downloads/tasks/a/example-app/tests/Feature/BookListTest.php" line="14" assertions="28" time="0.120984"/>
        <testcase name="testListWithoutFilters" class="Tests\Feature\BooksListTest" classname="Tests.Feature.BooksListTest" file="/Users/pooya/Downloads/tasks/a/example-app/tests/Feature/BookListTest.php" line="72" assertions="2" time="0.015728">
          <failure type="PHPUnit\Framework\ExpectationFailedException">Tests\Feature\BooksListTest::testListWithoutFilters
Unable to find JSON: 
  
  [{
      "data": [
          {
              "id": 1,
              "isbn": "9782461042461",
              "title": "Est et et porro veniam.",
              "description": "Consequatur et neque sit ipsam consequatur. Amet quo quo necessitatibus optio voluptatem molestiae. Sunt voluptatibus ut ut non. Nemo veritatis doloribus et eos.",
              "authors": [
                  {
                      "id": 1,
                      "name": "Mr. Wilmer Moore Jr.",
                      "surname": "Mertz"
                  }
              ],
              "review": {
                  "avg": 5,
                  "count": 3
              }
          },
          {
              "id": 2,
              "isbn": "9798873689019",
              "title": "Quis ex sunt illum sed.",
              "description": "Qui hic tempora aspernatur sunt aspernatur qui. Voluptate ea alias et nulla in cupiditate et. Quasi eaque temporibus et vitae molestiae doloremque voluptas. Cum velit labore occaecati et.",
              "authors": [
                  {
                      "id": 2,
                      "name": "Newell Schmidt",
                      "surname": "Zieme"
                  }
              ],
              "review": {
                  "avg": 4,
                  "count": 3
              }
          },
          {
              "id": 3,
              "isbn": "9784472357831",
              "title": "Iste magni ut ex animi voluptatem in voluptatem.",
              "description": "Consequatur adipisci excepturi quo qui illo omnis tenetur qui. Et optio non soluta accusantium.",
              "authors": [
                  {
                      "id": 3,
                      "name": "Miss Lacy Hettinger",
                      "surname": "Bruen"
                  }
              ],
              "review": {
                  "avg": 7,
                  "count": 3
              }
          },
          {
              "id": 4,
              "isbn": "9798229091800",
              "title": "Sit sed accusantium dicta ducimus reiciendis reprehenderit.",
              "description": "Cum sit enim expedita vel ducimus voluptatem illo. Molestiae enim occaecati perferendis est. Quam tempora nisi impedit magni nulla sit debitis velit. Itaque qui qui deleniti.",
              "authors": [
                  {
                      "id": 4,
                      "name": "Brittany Vandervort",
                      "surname": "Blick"
                  }
              ],
              "review": {
                  "avg": 4,
                  "count": 3
              }
          },
          {
              "id": 5,
              "isbn": "9788509314736",
              "title": "Tenetur ea eligendi quasi suscipit.",
              "description": "Quidem id in id. Quae repellendus ex rerum animi atque. Voluptatibus impedit illum earum ut quisquam recusandae nobis.",
              "authors": [
                  {
                      "id": 5,
                      "name": "Ahmed Leannon",
                      "surname": "Wehner"
                  }
              ],
              "review": {
                  "avg": 7,
                  "count": 3
              }
          }
      ]
  }]
  
  within response JSON:
  
  [{
      "data": [
          {
              "id": 1,
              "isbn": "9782461042461",
              "title": "Est et et porro veniam.",
              "description": "Consequatur et neque sit ipsam consequatur. Amet quo quo necessitatibus optio voluptatem molestiae. Sunt voluptatibus ut ut non. Nemo veritatis doloribus et eos.",
              "review": {
                  "count": 3,
                  "avg": 5
              },
              "authors": [
                  {
                      "id": 1,
                      "name": "Mr. Wilmer Moore Jr.",
                      "surname": "Mertz"
                  }
              ]
          }
      ],
      "links": {
          "first": "http://localhost/api/books?page=1",
          "last": "http://localhost/api/books?page=5",
          "next": "http://localhost/api/books?page=2",
          "prev": null
      },
      "meta": {
          "current_page": 1,
          "from": 1,
          "last_page": 5,
          "path": "http://localhost/api/books",
          "per_page": 1,
          "to": 1,
          "total": 5
      }
  }].
  
  
  Failed asserting that an array has the subset Array &amp;0 (
      'data' =&gt; Array &amp;1 (
          0 =&gt; Array &amp;2 (
              'id' =&gt; 1
              'isbn' =&gt; '9782461042461'
              'title' =&gt; 'Est et et porro veniam.'
              'description' =&gt; 'Consequatur et neque sit ipsam consequatur. Amet quo quo necessitatibus optio voluptatem molestiae. Sunt voluptatibus ut ut non. Nemo veritatis doloribus et eos.'
              'authors' =&gt; Array &amp;3 (
                  0 =&gt; Array &amp;4 (
                      'id' =&gt; 1
                      'name' =&gt; 'Mr. Wilmer Moore Jr.'
                      'surname' =&gt; 'Mertz'
                  )
              )
              'review' =&gt; Array &amp;5 (
                  'avg' =&gt; 5
                  'count' =&gt; 3
              )
          )
          1 =&gt; Array &amp;6 (
              'id' =&gt; 2
              'isbn' =&gt; '9798873689019'
              'title' =&gt; 'Quis ex sunt illum sed.'
              'description' =&gt; 'Qui hic tempora aspernatur sunt aspernatur qui. Voluptate ea alias et nulla in cupiditate et. Quasi eaque temporibus et vitae molestiae doloremque voluptas. Cum velit labore occaecati et.'
              'authors' =&gt; Array &amp;7 (
                  0 =&gt; Array &amp;8 (
                      'id' =&gt; 2
                      'name' =&gt; 'Newell Schmidt'
                      'surname' =&gt; 'Zieme'
                  )
              )
              'review' =&gt; Array &amp;9 (
                  'avg' =&gt; 4
                  'count' =&gt; 3
              )
          )
          2 =&gt; Array &amp;10 (
              'id' =&gt; 3
              'isbn' =&gt; '9784472357831'
              'title' =&gt; 'Iste magni ut ex animi voluptatem in voluptatem.'
              'description' =&gt; 'Consequatur adipisci excepturi quo qui illo omnis tenetur qui. Et optio non soluta accusantium.'
              'authors' =&gt; Array &amp;11 (
                  0 =&gt; Array &amp;12 (
                      'id' =&gt; 3
                      'name' =&gt; 'Miss Lacy Hettinger'
                      'surname' =&gt; 'Bruen'
                  )
              )
              'review' =&gt; Array &amp;13 (
                  'avg' =&gt; 7
                  'count' =&gt; 3
              )
          )
          3 =&gt; Array &amp;14 (
              'id' =&gt; 4
              'isbn' =&gt; '9798229091800'
              'title' =&gt; 'Sit sed accusantium dicta ducimus reiciendis reprehenderit.'
              'description' =&gt; 'Cum sit enim expedita vel ducimus voluptatem illo. Molestiae enim occaecati perferendis est. Quam tempora nisi impedit magni nulla sit debitis velit. Itaque qui qui deleniti.'
              'authors' =&gt; Array &amp;15 (
                  0 =&gt; Array &amp;16 (
                      'id' =&gt; 4
                      'name' =&gt; 'Brittany Vandervort'
                      'surname' =&gt; 'Blick'
                  )
              )
              'review' =&gt; Array &amp;17 (
                  'avg' =&gt; 4
                  'count' =&gt; 3
              )
          )
          4 =&gt; Array &amp;18 (
              'id' =&gt; 5
              'isbn' =&gt; '9788509314736'
              'title' =&gt; 'Tenetur ea eligendi quasi suscipit.'
              'description' =&gt; 'Quidem id in id. Quae repellendus ex rerum animi atque. Voluptatibus impedit illum earum ut quisquam recusandae nobis.'
              'authors' =&gt; Array &amp;19 (
                  0 =&gt; Array &amp;20 (
                      'id' =&gt; 5
                      'name' =&gt; 'Ahmed Leannon'
                      'surname' =&gt; 'Wehner'
                  )
              )
              'review' =&gt; Array &amp;21 (
                  'avg' =&gt; 7
                  'count' =&gt; 3
              )
          )
      )
  ).
--- Expected
+++ Actual
@@ @@
         ),
       ),
     ),
-    1 =&gt; 
-    array (
-      'id' =&gt; 2,
-      'isbn' =&gt; '9798873689019',
-      'title' =&gt; 'Quis ex sunt illum sed.',
-      'description' =&gt; 'Qui hic tempora aspernatur sunt aspernatur qui. Voluptate ea alias et nulla in cupiditate et. Quasi eaque temporibus et vitae molestiae doloremque voluptas. Cum velit labore occaecati et.',
-      'authors' =&gt; 
-      array (
-        0 =&gt; 
-        array (
-          'id' =&gt; 2,
-          'name' =&gt; 'Newell Schmidt',
-          'surname' =&gt; 'Zieme',
-        ),
-      ),
-      'review' =&gt; 
-      array (
-        'avg' =&gt; 4,
-        'count' =&gt; 3,
-      ),
-    ),
-    2 =&gt; 
-    array (
-      'id' =&gt; 3,
-      'isbn' =&gt; '9784472357831',
-      'title' =&gt; 'Iste magni ut ex animi voluptatem in voluptatem.',
-      'description' =&gt; 'Consequatur adipisci excepturi quo qui illo omnis tenetur qui. Et optio non soluta accusantium.',
-      'authors' =&gt; 
-      array (
-        0 =&gt; 
-        array (
-          'id' =&gt; 3,
-          'name' =&gt; 'Miss Lacy Hettinger',
-          'surname' =&gt; 'Bruen',
-        ),
-      ),
-      'review' =&gt; 
-      array (
-        'avg' =&gt; 7,
-        'count' =&gt; 3,
-      ),
-    ),
-    3 =&gt; 
-    array (
-      'id' =&gt; 4,
-      'isbn' =&gt; '9798229091800',
-      'title' =&gt; 'Sit sed accusantium dicta ducimus reiciendis reprehenderit.',
-      'description' =&gt; 'Cum sit enim expedita vel ducimus voluptatem illo. Molestiae enim occaecati perferendis est. Quam tempora nisi impedit magni nulla sit debitis velit. Itaque qui qui deleniti.',
-      'authors' =&gt; 
-      array (
-        0 =&gt; 
-        array (
-          'id' =&gt; 4,
-          'name' =&gt; 'Brittany Vandervort',
-          'surname' =&gt; 'Blick',
-        ),
-      ),
-      'review' =&gt; 
-      array (
-        'avg' =&gt; 4,
-        'count' =&gt; 3,
-      ),
-    ),
-    4 =&gt; 
-    array (
-      'id' =&gt; 5,
-      'isbn' =&gt; '9788509314736',
-      'title' =&gt; 'Tenetur ea eligendi quasi suscipit.',
-      'description' =&gt; 'Quidem id in id. Quae repellendus ex rerum animi atque. Voluptatibus impedit illum earum ut quisquam recusandae nobis.',
-      'authors' =&gt; 
-      array (
-        0 =&gt; 
-        array (
-          'id' =&gt; 5,
-          'name' =&gt; 'Ahmed Leannon',
-          'surname' =&gt; 'Wehner',
-        ),
-      ),
-      'review' =&gt; 
-      array (
-        'avg' =&gt; 7,
-        'count' =&gt; 3,
-      ),
-    ),
   ),
   'links' =&gt; 
   array (

/Users/pooya/Downloads/tasks/a/example-app/vendor/laravel/framework/src/Illuminate/Testing/Constraints/ArraySubset.php:85
/Users/pooya/Downloads/tasks/a/example-app/vendor/laravel/framework/src/Illuminate/Testing/Assert.php:40
/Users/pooya/Downloads/tasks/a/example-app/vendor/laravel/framework/src/Illuminate/Testing/AssertableJsonString.php:273
/Users/pooya/Downloads/tasks/a/example-app/vendor/laravel/framework/src/Illuminate/Testing/TestResponse.php:695
/Users/pooya/Downloads/tasks/a/example-app/tests/Feature/BookListTest.php:209
/Users/pooya/Downloads/tasks/a/example-app/tests/Feature/BookListTest.php:89</failure>
        </testcase>
        <testcase name="testTitleFilter" class="Tests\Feature\BooksListTest" classname="Tests.Feature.BooksListTest" file="/Users/pooya/Downloads/tasks/a/example-app/tests/Feature/BookListTest.php" line="92" assertions="4" time="0.008115">
          <failure type="PHPUnit\Framework\ExpectationFailedException">Tests\Feature\BooksListTest::testTitleFilter
Unable to find JSON: 
  
  [{
      "data": [
          {
              "id": 1,
              "isbn": "9790345880818",
              "title": "PHP for begginers",
              "description": "Praesentium omnis qui quidem minus. Est id minus nemo rerum dolores dolor quam. Cupiditate quidem accusamus asperiores rerum consequuntur et.",
              "authors": [],
              "review": {
                  "avg": 0,
                  "count": 0
              }
          },
          {
              "id": 2,
              "isbn": "9783899142624",
              "title": "Javascript for dummies",
              "description": "Doloremque est nostrum accusamus repudiandae odit corporis. Et impedit deleniti voluptate nam sunt. Quam dolor doloribus voluptate culpa et.",
              "authors": [],
              "review": {
                  "avg": 0,
                  "count": 0
              }
          }
      ]
  }]
  
  within response JSON:
  
  [{
      "data": [
          {
              "id": 1,
              "isbn": "9790345880818",
              "title": "PHP for begginers",
              "description": "Praesentium omnis qui quidem minus. Est id minus nemo rerum dolores dolor quam. Cupiditate quidem accusamus asperiores rerum consequuntur et.",
              "review": {
                  "count": 0,
                  "avg": 0
              },
              "authors": []
          }
      ],
      "links": {
          "first": "http://localhost/api/books?page=1",
          "last": "http://localhost/api/books?page=3",
          "next": "http://localhost/api/books?page=2",
          "prev": null
      },
      "meta": {
          "current_page": 1,
          "from": 1,
          "last_page": 3,
          "path": "http://localhost/api/books",
          "per_page": 1,
          "to": 1,
          "total": 3
      }
  }].
  
  
  Failed asserting that an array has the subset Array &amp;0 (
      'data' =&gt; Array &amp;1 (
          0 =&gt; Array &amp;2 (
              'id' =&gt; 1
              'isbn' =&gt; '9790345880818'
              'title' =&gt; 'PHP for begginers'
              'description' =&gt; 'Praesentium omnis qui quidem minus. Est id minus nemo rerum dolores dolor quam. Cupiditate quidem accusamus asperiores rerum consequuntur et.'
              'authors' =&gt; Array &amp;3 ()
              'review' =&gt; Array &amp;4 (
                  'avg' =&gt; 0
                  'count' =&gt; 0
              )
          )
          1 =&gt; Array &amp;5 (
              'id' =&gt; 2
              'isbn' =&gt; '9783899142624'
              'title' =&gt; 'Javascript for dummies'
              'description' =&gt; 'Doloremque est nostrum accusamus repudiandae odit corporis. Et impedit deleniti voluptate nam sunt. Quam dolor doloribus voluptate culpa et.'
              'authors' =&gt; Array &amp;6 ()
              'review' =&gt; Array &amp;7 (
                  'avg' =&gt; 0
                  'count' =&gt; 0
              )
          )
      )
  ).
--- Expected
+++ Actual
@@ @@
       array (
       ),
     ),
-    1 =&gt; 
-    array (
-      'id' =&gt; 2,
-      'isbn' =&gt; '9783899142624',
-      'title' =&gt; 'Javascript for dummies',
-      'description' =&gt; 'Doloremque est nostrum accusamus repudiandae odit corporis. Et impedit deleniti voluptate nam sunt. Quam dolor doloribus voluptate culpa et.',
-      'authors' =&gt; 
-      array (
-      ),
-      'review' =&gt; 
-      array (
-        'avg' =&gt; 0,
-        'count' =&gt; 0,
-      ),
-    ),
   ),
   'links' =&gt; 
   array (

/Users/pooya/Downloads/tasks/a/example-app/vendor/laravel/framework/src/Illuminate/Testing/Constraints/ArraySubset.php:85
/Users/pooya/Downloads/tasks/a/example-app/vendor/laravel/framework/src/Illuminate/Testing/Assert.php:40
/Users/pooya/Downloads/tasks/a/example-app/vendor/laravel/framework/src/Illuminate/Testing/AssertableJsonString.php:273
/Users/pooya/Downloads/tasks/a/example-app/vendor/laravel/framework/src/Illuminate/Testing/TestResponse.php:695
/Users/pooya/Downloads/tasks/a/example-app/tests/Feature/BookListTest.php:209
/Users/pooya/Downloads/tasks/a/example-app/tests/Feature/BookListTest.php:106</failure>
        </testcase>
        <testcase name="testAuthorsFilter" class="Tests\Feature\BooksListTest" classname="Tests.Feature.BooksListTest" file="/Users/pooya/Downloads/tasks/a/example-app/tests/Feature/BookListTest.php" line="109" assertions="2" time="0.007575">
          <failure type="PHPUnit\Framework\ExpectationFailedException">Tests\Feature\BooksListTest::testAuthorsFilter
Unable to find JSON: 
  
  [{
      "data": [
          {
              "id": 1,
              "isbn": "9789123682645",
              "title": "PHP for begginers",
              "description": "Occaecati perspiciatis repellat animi fugiat facilis. Sed consequatur rerum qui ut error non asperiores. Sapiente doloribus totam impedit ut eum delectus molestias.",
              "authors": [
                  {
                      "id": 1,
                      "name": "Carolyn Altenwerth",
                      "surname": "Satterfield"
                  },
                  {
                      "id": 2,
                      "name": "Ms. Audrey Gutkowski",
                      "surname": "Gerlach"
                  }
              ],
              "review": {
                  "avg": 0,
                  "count": 0
              }
          },
          {
              "id": 2,
              "isbn": "9780696571756",
              "title": "Javascript for dummies",
              "description": "Odio quam occaecati porro iusto possimus facere. Excepturi aspernatur ullam adipisci natus et. Asperiores ullam eos iusto sunt accusantium vitae doloribus.",
              "authors": [
                  {
                      "id": 1,
                      "name": "Carolyn Altenwerth",
                      "surname": "Satterfield"
                  }
              ],
              "review": {
                  "avg": 0,
                  "count": 0
              }
          }
      ]
  }]
  
  within response JSON:
  
  [{
      "data": [
          {
              "id": 1,
              "isbn": "9789123682645",
              "title": "PHP for begginers",
              "description": "Occaecati perspiciatis repellat animi fugiat facilis. Sed consequatur rerum qui ut error non asperiores. Sapiente doloribus totam impedit ut eum delectus molestias.",
              "review": {
                  "count": 0,
                  "avg": 0
              },
              "authors": [
                  {
                      "id": 1,
                      "name": "Carolyn Altenwerth",
                      "surname": "Satterfield"
                  },
                  {
                      "id": 2,
                      "name": "Ms. Audrey Gutkowski",
                      "surname": "Gerlach"
                  }
              ]
          }
      ],
      "links": {
          "first": "http://localhost/api/books?page=1",
          "last": "http://localhost/api/books?page=3",
          "next": "http://localhost/api/books?page=2",
          "prev": null
      },
      "meta": {
          "current_page": 1,
          "from": 1,
          "last_page": 3,
          "path": "http://localhost/api/books",
          "per_page": 1,
          "to": 1,
          "total": 3
      }
  }].
  
  
  Failed asserting that an array has the subset Array &amp;0 (
      'data' =&gt; Array &amp;1 (
          0 =&gt; Array &amp;2 (
              'id' =&gt; 1
              'isbn' =&gt; '9789123682645'
              'title' =&gt; 'PHP for begginers'
              'description' =&gt; 'Occaecati perspiciatis repellat animi fugiat facilis. Sed consequatur rerum qui ut error non asperiores. Sapiente doloribus totam impedit ut eum delectus molestias.'
              'authors' =&gt; Array &amp;3 (
                  0 =&gt; Array &amp;4 (
                      'id' =&gt; 1
                      'name' =&gt; 'Carolyn Altenwerth'
                      'surname' =&gt; 'Satterfield'
                  )
                  1 =&gt; Array &amp;5 (
                      'id' =&gt; 2
                      'name' =&gt; 'Ms. Audrey Gutkowski'
                      'surname' =&gt; 'Gerlach'
                  )
              )
              'review' =&gt; Array &amp;6 (
                  'avg' =&gt; 0
                  'count' =&gt; 0
              )
          )
          1 =&gt; Array &amp;7 (
              'id' =&gt; 2
              'isbn' =&gt; '9780696571756'
              'title' =&gt; 'Javascript for dummies'
              'description' =&gt; 'Odio quam occaecati porro iusto possimus facere. Excepturi aspernatur ullam adipisci natus et. Asperiores ullam eos iusto sunt accusantium vitae doloribus.'
              'authors' =&gt; Array &amp;8 (
                  0 =&gt; Array &amp;9 (
                      'id' =&gt; 1
                      'name' =&gt; 'Carolyn Altenwerth'
                      'surname' =&gt; 'Satterfield'
                  )
              )
              'review' =&gt; Array &amp;10 (
                  'avg' =&gt; 0
                  'count' =&gt; 0
              )
          )
      )
  ).
--- Expected
+++ Actual
@@ @@
         ),
       ),
     ),
-    1 =&gt; 
-    array (
-      'id' =&gt; 2,
-      'isbn' =&gt; '9780696571756',
-      'title' =&gt; 'Javascript for dummies',
-      'description' =&gt; 'Odio quam occaecati porro iusto possimus facere. Excepturi aspernatur ullam adipisci natus et. Asperiores ullam eos iusto sunt accusantium vitae doloribus.',
-      'authors' =&gt; 
-      array (
-        0 =&gt; 
-        array (
-          'id' =&gt; 1,
-          'name' =&gt; 'Carolyn Altenwerth',
-          'surname' =&gt; 'Satterfield',
-        ),
-      ),
-      'review' =&gt; 
-      array (
-        'avg' =&gt; 0,
-        'count' =&gt; 0,
-      ),
-    ),
   ),
   'links' =&gt; 
   array (

/Users/pooya/Downloads/tasks/a/example-app/vendor/laravel/framework/src/Illuminate/Testing/Constraints/ArraySubset.php:85
/Users/pooya/Downloads/tasks/a/example-app/vendor/laravel/framework/src/Illuminate/Testing/Assert.php:40
/Users/pooya/Downloads/tasks/a/example-app/vendor/laravel/framework/src/Illuminate/Testing/AssertableJsonString.php:273
/Users/pooya/Downloads/tasks/a/example-app/vendor/laravel/framework/src/Illuminate/Testing/TestResponse.php:695
/Users/pooya/Downloads/tasks/a/example-app/tests/Feature/BookListTest.php:209
/Users/pooya/Downloads/tasks/a/example-app/tests/Feature/BookListTest.php:126</failure>
        </testcase>
        <testcase name="testTitleSort" class="Tests\Feature\BooksListTest" classname="Tests.Feature.BooksListTest" file="/Users/pooya/Downloads/tasks/a/example-app/tests/Feature/BookListTest.php" line="139" assertions="2" time="0.006898">
          <failure type="PHPUnit\Framework\ExpectationFailedException">Tests\Feature\BooksListTest::testTitleSort
Unable to find JSON: 
  
  [{
      "data": [
          {
              "id": 3,
              "isbn": "9789961531662",
              "title": "Advanced Python",
              "description": "Ex est voluptatem sunt sapiente ut similique. Doloribus nemo optio et amet quas. Tempore nisi non eius. Sunt nam voluptas autem corrupti enim inventore soluta.",
              "authors": [],
              "review": {
                  "avg": 0,
                  "count": 0
              }
          },
          {
              "id": 2,
              "isbn": "9793099008217",
              "title": "Javascript for dummies",
              "description": "Quis similique nam voluptas dolorem quas facilis. Repudiandae blanditiis officiis ad rerum voluptatem magni recusandae. Qui deserunt enim eaque nisi debitis cum.",
              "authors": [],
              "review": {
                  "avg": 0,
                  "count": 0
              }
          },
          {
              "id": 1,
              "isbn": "9795728877881",
              "title": "PHP for begginers",
              "description": "Qui earum dolorem quia ipsam dolore dolor. Consequatur necessitatibus sapiente adipisci autem.",
              "authors": [],
              "review": {
                  "avg": 0,
                  "count": 0
              }
          }
      ]
  }]
  
  within response JSON:
  
  [{
      "data": [
          {
              "id": 1,
              "isbn": "9795728877881",
              "title": "PHP for begginers",
              "description": "Qui earum dolorem quia ipsam dolore dolor. Consequatur necessitatibus sapiente adipisci autem.",
              "review": {
                  "count": 0,
                  "avg": 0
              },
              "authors": []
          }
      ],
      "links": {
          "first": "http://localhost/api/books?page=1",
          "last": "http://localhost/api/books?page=3",
          "next": "http://localhost/api/books?page=2",
          "prev": null
      },
      "meta": {
          "current_page": 1,
          "from": 1,
          "last_page": 3,
          "path": "http://localhost/api/books",
          "per_page": 1,
          "to": 1,
          "total": 3
      }
  }].
  
  
  Failed asserting that an array has the subset Array &amp;0 (
      'data' =&gt; Array &amp;1 (
          0 =&gt; Array &amp;2 (
              'id' =&gt; 3
              'isbn' =&gt; '9789961531662'
              'title' =&gt; 'Advanced Python'
              'description' =&gt; 'Ex est voluptatem sunt sapiente ut similique. Doloribus nemo optio et amet quas. Tempore nisi non eius. Sunt nam voluptas autem corrupti enim inventore soluta.'
              'authors' =&gt; Array &amp;3 ()
              'review' =&gt; Array &amp;4 (
                  'avg' =&gt; 0
                  'count' =&gt; 0
              )
          )
          1 =&gt; Array &amp;5 (
              'id' =&gt; 2
              'isbn' =&gt; '9793099008217'
              'title' =&gt; 'Javascript for dummies'
              'description' =&gt; 'Quis similique nam voluptas dolorem quas facilis. Repudiandae blanditiis officiis ad rerum voluptatem magni recusandae. Qui deserunt enim eaque nisi debitis cum.'
              'authors' =&gt; Array &amp;6 ()
              'review' =&gt; Array &amp;7 (
                  'avg' =&gt; 0
                  'count' =&gt; 0
              )
          )
          2 =&gt; Array &amp;8 (
              'id' =&gt; 1
              'isbn' =&gt; '9795728877881'
              'title' =&gt; 'PHP for begginers'
              'description' =&gt; 'Qui earum dolorem quia ipsam dolore dolor. Consequatur necessitatibus sapiente adipisci autem.'
              'authors' =&gt; Array &amp;9 ()
              'review' =&gt; Array &amp;10 (
                  'avg' =&gt; 0
                  'count' =&gt; 0
              )
          )
      )
  ).
--- Expected
+++ Actual
@@ @@
   array (
     0 =&gt; 
     array (
-      'id' =&gt; 3,
-      'isbn' =&gt; '9789961531662',
-      'title' =&gt; 'Advanced Python',
-      'description' =&gt; 'Ex est voluptatem sunt sapiente ut similique. Doloribus nemo optio et amet quas. Tempore nisi non eius. Sunt nam voluptas autem corrupti enim inventore soluta.',
+      'id' =&gt; 1,
+      'isbn' =&gt; '9795728877881',
+      'title' =&gt; 'PHP for begginers',
+      'description' =&gt; 'Qui earum dolorem quia ipsam dolore dolor. Consequatur necessitatibus sapiente adipisci autem.',
       'review' =&gt; 
       array (
         'count' =&gt; 0,
@@ @@
       ),
       'authors' =&gt; 
       array (
-      ),
-    ),
-    1 =&gt; 
-    array (
-      'id' =&gt; 2,
-      'isbn' =&gt; '9793099008217',
-      'title' =&gt; 'Javascript for dummies',
-      'description' =&gt; 'Quis similique nam voluptas dolorem quas facilis. Repudiandae blanditiis officiis ad rerum voluptatem magni recusandae. Qui deserunt enim eaque nisi debitis cum.',
-      'authors' =&gt; 
-      array (
-      ),
-      'review' =&gt; 
-      array (
-        'avg' =&gt; 0,
-        'count' =&gt; 0,
-      ),
-    ),
-    2 =&gt; 
-    array (
-      'id' =&gt; 1,
-      'isbn' =&gt; '9795728877881',
-      'title' =&gt; 'PHP for begginers',
-      'description' =&gt; 'Qui earum dolorem quia ipsam dolore dolor. Consequatur necessitatibus sapiente adipisci autem.',
-      'authors' =&gt; 
-      array (
-      ),
-      'review' =&gt; 
-      array (
-        'avg' =&gt; 0,
-        'count' =&gt; 0,
       ),
     ),
   ),

/Users/pooya/Downloads/tasks/a/example-app/vendor/laravel/framework/src/Illuminate/Testing/Constraints/ArraySubset.php:85
/Users/pooya/Downloads/tasks/a/example-app/vendor/laravel/framework/src/Illuminate/Testing/Assert.php:40
/Users/pooya/Downloads/tasks/a/example-app/vendor/laravel/framework/src/Illuminate/Testing/AssertableJsonString.php:273
/Users/pooya/Downloads/tasks/a/example-app/vendor/laravel/framework/src/Illuminate/Testing/TestResponse.php:695
/Users/pooya/Downloads/tasks/a/example-app/tests/Feature/BookListTest.php:209
/Users/pooya/Downloads/tasks/a/example-app/tests/Feature/BookListTest.php:149</failure>
        </testcase>
        <testcase name="testAvgReviewSort" class="Tests\Feature\BooksListTest" classname="Tests.Feature.BooksListTest" file="/Users/pooya/Downloads/tasks/a/example-app/tests/Feature/BookListTest.php" line="157" assertions="2" time="0.007637">
          <failure type="PHPUnit\Framework\ExpectationFailedException">Tests\Feature\BooksListTest::testAvgReviewSort
Unable to find JSON: 
  
  [{
      "data": [
          {
              "id": 3,
              "isbn": "9789944327732",
              "title": "Advanced Python",
              "description": "Aut impedit provident quia nam. Aliquam facere iure fuga sed. Consequuntur blanditiis facere et ut sunt.",
              "authors": [],
              "review": {
                  "avg": 0,
                  "count": 0
              }
          },
          {
              "id": 1,
              "isbn": "9797918986007",
              "title": "PHP for begginers",
              "description": "Incidunt aut dolor minus totam. Eaque saepe error ipsam aspernatur distinctio cupiditate. Dolorem ut ea non distinctio expedita. Ut ipsa id perspiciatis possimus reiciendis enim.",
              "authors": [],
              "review": {
                  "avg": 3,
                  "count": 2
              }
          },
          {
              "id": 2,
              "isbn": "9798026316274",
              "title": "Javascript for dummies",
              "description": "Rem adipisci quibusdam sit est. Quaerat ut id consequatur nostrum illum reprehenderit. Sed qui officiis amet nisi fuga.",
              "authors": [],
              "review": {
                  "avg": 6,
                  "count": 2
              }
          }
      ]
  }]
  
  within response JSON:
  
  [{
      "data": [
          {
              "id": 1,
              "isbn": "9797918986007",
              "title": "PHP for begginers",
              "description": "Incidunt aut dolor minus totam. Eaque saepe error ipsam aspernatur distinctio cupiditate. Dolorem ut ea non distinctio expedita. Ut ipsa id perspiciatis possimus reiciendis enim.",
              "review": {
                  "count": 2,
                  "avg": 3
              },
              "authors": []
          }
      ],
      "links": {
          "first": "http://localhost/api/books?page=1",
          "last": "http://localhost/api/books?page=3",
          "next": "http://localhost/api/books?page=2",
          "prev": null
      },
      "meta": {
          "current_page": 1,
          "from": 1,
          "last_page": 3,
          "path": "http://localhost/api/books",
          "per_page": 1,
          "to": 1,
          "total": 3
      }
  }].
  
  
  Failed asserting that an array has the subset Array &amp;0 (
      'data' =&gt; Array &amp;1 (
          0 =&gt; Array &amp;2 (
              'id' =&gt; 3
              'isbn' =&gt; '9789944327732'
              'title' =&gt; 'Advanced Python'
              'description' =&gt; 'Aut impedit provident quia nam. Aliquam facere iure fuga sed. Consequuntur blanditiis facere et ut sunt.'
              'authors' =&gt; Array &amp;3 ()
              'review' =&gt; Array &amp;4 (
                  'avg' =&gt; 0
                  'count' =&gt; 0
              )
          )
          1 =&gt; Array &amp;5 (
              'id' =&gt; 1
              'isbn' =&gt; '9797918986007'
              'title' =&gt; 'PHP for begginers'
              'description' =&gt; 'Incidunt aut dolor minus totam. Eaque saepe error ipsam aspernatur distinctio cupiditate. Dolorem ut ea non distinctio expedita. Ut ipsa id perspiciatis possimus reiciendis enim.'
              'authors' =&gt; Array &amp;6 ()
              'review' =&gt; Array &amp;7 (
                  'avg' =&gt; 3
                  'count' =&gt; 2
              )
          )
          2 =&gt; Array &amp;8 (
              'id' =&gt; 2
              'isbn' =&gt; '9798026316274'
              'title' =&gt; 'Javascript for dummies'
              'description' =&gt; 'Rem adipisci quibusdam sit est. Quaerat ut id consequatur nostrum illum reprehenderit. Sed qui officiis amet nisi fuga.'
              'authors' =&gt; Array &amp;9 ()
              'review' =&gt; Array &amp;10 (
                  'avg' =&gt; 6
                  'count' =&gt; 2
              )
          )
      )
  ).
--- Expected
+++ Actual
@@ @@
   array (
     0 =&gt; 
     array (
-      'id' =&gt; 3,
-      'isbn' =&gt; '9789944327732',
-      'title' =&gt; 'Advanced Python',
-      'description' =&gt; 'Aut impedit provident quia nam. Aliquam facere iure fuga sed. Consequuntur blanditiis facere et ut sunt.',
-      'review' =&gt; 
-      array (
-        'count' =&gt; 0,
-        'avg' =&gt; 0,
-      ),
-      'authors' =&gt; 
-      array (
-      ),
-    ),
-    1 =&gt; 
-    array (
       'id' =&gt; 1,
       'isbn' =&gt; '9797918986007',
       'title' =&gt; 'PHP for begginers',
       'description' =&gt; 'Incidunt aut dolor minus totam. Eaque saepe error ipsam aspernatur distinctio cupiditate. Dolorem ut ea non distinctio expedita. Ut ipsa id perspiciatis possimus reiciendis enim.',
-      'authors' =&gt; 
-      array (
-      ),
       'review' =&gt; 
       array (
+        'count' =&gt; 2,
         'avg' =&gt; 3,
-        'count' =&gt; 2,
       ),
-    ),
-    2 =&gt; 
-    array (
-      'id' =&gt; 2,
-      'isbn' =&gt; '9798026316274',
-      'title' =&gt; 'Javascript for dummies',
-      'description' =&gt; 'Rem adipisci quibusdam sit est. Quaerat ut id consequatur nostrum illum reprehenderit. Sed qui officiis amet nisi fuga.',
       'authors' =&gt; 
       array (
-      ),
-      'review' =&gt; 
-      array (
-        'avg' =&gt; 6,
-        'count' =&gt; 2,
       ),
     ),
   ),

/Users/pooya/Downloads/tasks/a/example-app/vendor/laravel/framework/src/Illuminate/Testing/Constraints/ArraySubset.php:85
/Users/pooya/Downloads/tasks/a/example-app/vendor/laravel/framework/src/Illuminate/Testing/Assert.php:40
/Users/pooya/Downloads/tasks/a/example-app/vendor/laravel/framework/src/Illuminate/Testing/AssertableJsonString.php:273
/Users/pooya/Downloads/tasks/a/example-app/vendor/laravel/framework/src/Illuminate/Testing/TestResponse.php:695
/Users/pooya/Downloads/tasks/a/example-app/tests/Feature/BookListTest.php:209
/Users/pooya/Downloads/tasks/a/example-app/tests/Feature/BookListTest.php:181</failure>
        </testcase>
        <testcase name="testPagination" class="Tests\Feature\BooksListTest" classname="Tests.Feature.BooksListTest" file="/Users/pooya/Downloads/tasks/a/example-app/tests/Feature/BookListTest.php" line="189" assertions="2" time="0.012039">
          <failure type="PHPUnit\Framework\ExpectationFailedException">Tests\Feature\BooksListTest::testPagination
Unable to find JSON: 
  
  [{
      "data": [
          {
              "id": 1,
              "isbn": "9780331626834",
              "title": "Eum ullam facere sit ab vel veritatis minima.",
              "description": "Suscipit ut laboriosam nemo reprehenderit perspiciatis ipsam tempora. Harum dolores ipsa nihil. Dolorum soluta nihil earum facilis. Aperiam itaque sunt dolore dolore fuga.",
              "authors": [],
              "review": {
                  "avg": 0,
                  "count": 0
              }
          },
          {
              "id": 2,
              "isbn": "9786815427942",
              "title": "Iusto aut nulla recusandae ab distinctio provident.",
              "description": "Ut excepturi et aut sit non. Mollitia repellat possimus qui ea. Maxime est nemo et rerum fugit deleniti similique. Exercitationem ut officiis voluptatem et assumenda.",
              "authors": [],
              "review": {
                  "avg": 0,
                  "count": 0
              }
          },
          {
              "id": 3,
              "isbn": "9786376593124",
              "title": "Aut molestiae eum libero deserunt veritatis saepe maiores.",
              "description": "Et qui pariatur et eum distinctio quia fuga. Quibusdam dolores ea nemo exercitationem. Culpa aliquid quos atque. Esse laborum laboriosam magnam consequatur.",
              "authors": [],
              "review": {
                  "avg": 0,
                  "count": 0
              }
          },
          {
              "id": 4,
              "isbn": "9791575063156",
              "title": "Esse reprehenderit totam labore aut eum eum sint.",
              "description": "Doloremque rerum adipisci minus. Maxime voluptatum omnis architecto. Dignissimos facilis maxime ullam commodi.",
              "authors": [],
              "review": {
                  "avg": 0,
                  "count": 0
              }
          },
          {
              "id": 5,
              "isbn": "9786451142643",
              "title": "Et magnam iste unde et.",
              "description": "Nam voluptatibus aut ea fuga sit. Veritatis occaecati et nihil ab omnis. Quo impedit in qui magnam ut labore.",
              "authors": [],
              "review": {
                  "avg": 0,
                  "count": 0
              }
          },
          {
              "id": 6,
              "isbn": "9797529012782",
              "title": "Maiores officia expedita suscipit impedit laborum ut qui.",
              "description": "Pariatur quos ratione placeat suscipit molestiae est. Officiis ea vitae nemo. Corrupti omnis enim et culpa.",
              "authors": [],
              "review": {
                  "avg": 0,
                  "count": 0
              }
          },
          {
              "id": 7,
              "isbn": "9791022145367",
              "title": "Est consectetur consequatur sed quas.",
              "description": "Autem consequatur delectus id ad. Tempora totam nemo aut occaecati et.",
              "authors": [],
              "review": {
                  "avg": 0,
                  "count": 0
              }
          },
          {
              "id": 8,
              "isbn": "9790741257498",
              "title": "Sint minima adipisci ducimus.",
              "description": "Nesciunt et rerum animi pariatur fugit error et. Omnis dolores rerum debitis enim nam qui vero. Repellat amet earum asperiores. Pariatur mollitia nihil nam et.",
              "authors": [],
              "review": {
                  "avg": 0,
                  "count": 0
              }
          },
          {
              "id": 9,
              "isbn": "9799546109636",
              "title": "Omnis molestiae error dolorum.",
              "description": "Maxime fugit porro omnis molestiae qui aut. Rerum praesentium velit nihil in dignissimos. Exercitationem sit est voluptatibus. Consequuntur ut quia ut laborum totam voluptas consectetur.",
              "authors": [],
              "review": {
                  "avg": 0,
                  "count": 0
              }
          },
          {
              "id": 10,
              "isbn": "9785369750810",
              "title": "Ut magni quo neque et ut quo.",
              "description": "Asperiores ducimus aliquid inventore doloremque eos quia laborum velit. Cumque voluptatem fugit minus. Ipsa nesciunt illo inventore error natus.",
              "authors": [],
              "review": {
                  "avg": 0,
                  "count": 0
              }
          },
          {
              "id": 11,
              "isbn": "9799024484958",
              "title": "Nesciunt magnam distinctio reiciendis ut.",
              "description": "Vero ut quis consectetur sed est est. Modi numquam deserunt doloribus reprehenderit. Excepturi quia quo omnis aut. Et sed corporis voluptatem beatae.",
              "authors": [],
              "review": {
                  "avg": 0,
                  "count": 0
              }
          },
          {
              "id": 12,
              "isbn": "9797538228877",
              "title": "Ut dicta aut dolor et itaque sit quos.",
              "description": "Id ut est omnis quis cum non dolorum. Laboriosam eos maxime quia temporibus hic. Minima nostrum similique tenetur quia eos quidem.",
              "authors": [],
              "review": {
                  "avg": 0,
                  "count": 0
              }
          },
          {
              "id": 13,
              "isbn": "9794449591496",
              "title": "Et vitae nostrum reiciendis est consequatur.",
              "description": "Et alias iusto modi voluptates velit commodi expedita. Et excepturi ducimus optio et quidem. Dolorem incidunt ipsum nulla sed veritatis et voluptate.",
              "authors": [],
              "review": {
                  "avg": 0,
                  "count": 0
              }
          },
          {
              "id": 14,
              "isbn": "9792467374961",
              "title": "Deserunt cumque beatae nihil quis doloremque earum.",
              "description": "Omnis eos sed ut illum sit possimus. Minus minima aliquam amet accusamus aut. Sint repellendus esse nihil. Et commodi tempore consequatur.",
              "authors": [],
              "review": {
                  "avg": 0,
                  "count": 0
              }
          },
          {
              "id": 15,
              "isbn": "9791515662326",
              "title": "Exercitationem deserunt rem voluptatem ut vel expedita.",
              "description": "Voluptatem adipisci dolore officiis. Et odio repudiandae doloribus expedita illum voluptas quia. Vel dolorum sunt modi sequi expedita numquam. Dolorem recusandae sit quis voluptatem nihil quos.",
              "authors": [],
              "review": {
                  "avg": 0,
                  "count": 0
              }
          }
      ]
  }]
  
  within response JSON:
  
  [{
      "data": [
          {
              "id": 1,
              "isbn": "9780331626834",
              "title": "Eum ullam facere sit ab vel veritatis minima.",
              "description": "Suscipit ut laboriosam nemo reprehenderit perspiciatis ipsam tempora. Harum dolores ipsa nihil. Dolorum soluta nihil earum facilis. Aperiam itaque sunt dolore dolore fuga.",
              "review": {
                  "count": 0,
                  "avg": 0
              },
              "authors": []
          }
      ],
      "links": {
          "first": "http://localhost/api/books?page=1",
          "last": "http://localhost/api/books?page=30",
          "next": "http://localhost/api/books?page=2",
          "prev": null
      },
      "meta": {
          "current_page": 1,
          "from": 1,
          "last_page": 30,
          "path": "http://localhost/api/books",
          "per_page": 1,
          "to": 1,
          "total": 30
      }
  }].
  
  
  Failed asserting that an array has the subset Array &amp;0 (
      'data' =&gt; Array &amp;1 (
          0 =&gt; Array &amp;2 (
              'id' =&gt; 1
              'isbn' =&gt; '9780331626834'
              'title' =&gt; 'Eum ullam facere sit ab vel veritatis minima.'
              'description' =&gt; 'Suscipit ut laboriosam nemo reprehenderit perspiciatis ipsam tempora. Harum dolores ipsa nihil. Dolorum soluta nihil earum facilis. Aperiam itaque sunt dolore dolore fuga.'
              'authors' =&gt; Array &amp;3 ()
              'review' =&gt; Array &amp;4 (
                  'avg' =&gt; 0
                  'count' =&gt; 0
              )
          )
          1 =&gt; Array &amp;5 (
              'id' =&gt; 2
              'isbn' =&gt; '9786815427942'
              'title' =&gt; 'Iusto aut nulla recusandae ab distinctio provident.'
              'description' =&gt; 'Ut excepturi et aut sit non. Mollitia repellat possimus qui ea. Maxime est nemo et rerum fugit deleniti similique. Exercitationem ut officiis voluptatem et assumenda.'
              'authors' =&gt; Array &amp;6 ()
              'review' =&gt; Array &amp;7 (
                  'avg' =&gt; 0
                  'count' =&gt; 0
              )
          )
          2 =&gt; Array &amp;8 (
              'id' =&gt; 3
              'isbn' =&gt; '9786376593124'
              'title' =&gt; 'Aut molestiae eum libero deserunt veritatis saepe maiores.'
              'description' =&gt; 'Et qui pariatur et eum distinctio quia fuga. Quibusdam dolores ea nemo exercitationem. Culpa aliquid quos atque. Esse laborum laboriosam magnam consequatur.'
              'authors' =&gt; Array &amp;9 ()
              'review' =&gt; Array &amp;10 (
                  'avg' =&gt; 0
                  'count' =&gt; 0
              )
          )
          3 =&gt; Array &amp;11 (
              'id' =&gt; 4
              'isbn' =&gt; '9791575063156'
              'title' =&gt; 'Esse reprehenderit totam labore aut eum eum sint.'
              'description' =&gt; 'Doloremque rerum adipisci minus. Maxime voluptatum omnis architecto. Dignissimos facilis maxime ullam commodi.'
              'authors' =&gt; Array &amp;12 ()
              'review' =&gt; Array &amp;13 (
                  'avg' =&gt; 0
                  'count' =&gt; 0
              )
          )
          4 =&gt; Array &amp;14 (
              'id' =&gt; 5
              'isbn' =&gt; '9786451142643'
              'title' =&gt; 'Et magnam iste unde et.'
              'description' =&gt; 'Nam voluptatibus aut ea fuga sit. Veritatis occaecati et nihil ab omnis. Quo impedit in qui magnam ut labore.'
              'authors' =&gt; Array &amp;15 ()
              'review' =&gt; Array &amp;16 (
                  'avg' =&gt; 0
                  'count' =&gt; 0
              )
          )
          5 =&gt; Array &amp;17 (
              'id' =&gt; 6
              'isbn' =&gt; '9797529012782'
              'title' =&gt; 'Maiores officia expedita suscipit impedit laborum ut qui.'
              'description' =&gt; 'Pariatur quos ratione placeat suscipit molestiae est. Officiis ea vitae nemo. Corrupti omnis enim et culpa.'
              'authors' =&gt; Array &amp;18 ()
              'review' =&gt; Array &amp;19 (
                  'avg' =&gt; 0
                  'count' =&gt; 0
              )
          )
          6 =&gt; Array &amp;20 (
              'id' =&gt; 7
              'isbn' =&gt; '9791022145367'
              'title' =&gt; 'Est consectetur consequatur sed quas.'
              'description' =&gt; 'Autem consequatur delectus id ad. Tempora totam nemo aut occaecati et.'
              'authors' =&gt; Array &amp;21 ()
              'review' =&gt; Array &amp;22 (
                  'avg' =&gt; 0
                  'count' =&gt; 0
              )
          )
          7 =&gt; Array &amp;23 (
              'id' =&gt; 8
              'isbn' =&gt; '9790741257498'
              'title' =&gt; 'Sint minima adipisci ducimus.'
              'description' =&gt; 'Nesciunt et rerum animi pariatur fugit error et. Omnis dolores rerum debitis enim nam qui vero. Repellat amet earum asperiores. Pariatur mollitia nihil nam et.'
              'authors' =&gt; Array &amp;24 ()
              'review' =&gt; Array &amp;25 (
                  'avg' =&gt; 0
                  'count' =&gt; 0
              )
          )
          8 =&gt; Array &amp;26 (
              'id' =&gt; 9
              'isbn' =&gt; '9799546109636'
              'title' =&gt; 'Omnis molestiae error dolorum.'
              'description' =&gt; 'Maxime fugit porro omnis molestiae qui aut. Rerum praesentium velit nihil in dignissimos. Exercitationem sit est voluptatibus. Consequuntur ut quia ut laborum totam voluptas consectetur.'
              'authors' =&gt; Array &amp;27 ()
              'review' =&gt; Array &amp;28 (
                  'avg' =&gt; 0
                  'count' =&gt; 0
              )
          )
          9 =&gt; Array &amp;29 (
              'id' =&gt; 10
              'isbn' =&gt; '9785369750810'
              'title' =&gt; 'Ut magni quo neque et ut quo.'
              'description' =&gt; 'Asperiores ducimus aliquid inventore doloremque eos quia laborum velit. Cumque voluptatem fugit minus. Ipsa nesciunt illo inventore error natus.'
              'authors' =&gt; Array &amp;30 ()
              'review' =&gt; Array &amp;31 (
                  'avg' =&gt; 0
                  'count' =&gt; 0
              )
          )
          10 =&gt; Array &amp;32 (
              'id' =&gt; 11
              'isbn' =&gt; '9799024484958'
              'title' =&gt; 'Nesciunt magnam distinctio reiciendis ut.'
              'description' =&gt; 'Vero ut quis consectetur sed est est. Modi numquam deserunt doloribus reprehenderit. Excepturi quia quo omnis aut. Et sed corporis voluptatem beatae.'
              'authors' =&gt; Array &amp;33 ()
              'review' =&gt; Array &amp;34 (
                  'avg' =&gt; 0
                  'count' =&gt; 0
              )
          )
          11 =&gt; Array &amp;35 (
              'id' =&gt; 12
              'isbn' =&gt; '9797538228877'
              'title' =&gt; 'Ut dicta aut dolor et itaque sit quos.'
              'description' =&gt; 'Id ut est omnis quis cum non dolorum. Laboriosam eos maxime quia temporibus hic. Minima nostrum similique tenetur quia eos quidem.'
              'authors' =&gt; Array &amp;36 ()
              'review' =&gt; Array &amp;37 (
                  'avg' =&gt; 0
                  'count' =&gt; 0
              )
          )
          12 =&gt; Array &amp;38 (
              'id' =&gt; 13
              'isbn' =&gt; '9794449591496'
              'title' =&gt; 'Et vitae nostrum reiciendis est consequatur.'
              'description' =&gt; 'Et alias iusto modi voluptates velit commodi expedita. Et excepturi ducimus optio et quidem. Dolorem incidunt ipsum nulla sed veritatis et voluptate.'
              'authors' =&gt; Array &amp;39 ()
              'review' =&gt; Array &amp;40 (
                  'avg' =&gt; 0
                  'count' =&gt; 0
              )
          )
          13 =&gt; Array &amp;41 (
              'id' =&gt; 14
              'isbn' =&gt; '9792467374961'
              'title' =&gt; 'Deserunt cumque beatae nihil quis doloremque earum.'
              'description' =&gt; 'Omnis eos sed ut illum sit possimus. Minus minima aliquam amet accusamus aut. Sint repellendus esse nihil. Et commodi tempore consequatur.'
              'authors' =&gt; Array &amp;42 ()
              'review' =&gt; Array &amp;43 (
                  'avg' =&gt; 0
                  'count' =&gt; 0
              )
          )
          14 =&gt; Array &amp;44 (
              'id' =&gt; 15
              'isbn' =&gt; '9791515662326'
              'title' =&gt; 'Exercitationem deserunt rem voluptatem ut vel expedita.'
              'description' =&gt; 'Voluptatem adipisci dolore officiis. Et odio repudiandae doloribus expedita illum voluptas quia. Vel dolorum sunt modi sequi expedita numquam. Dolorem recusandae sit quis voluptatem nihil quos.'
              'authors' =&gt; Array &amp;45 ()
              'review' =&gt; Array &amp;46 (
                  'avg' =&gt; 0
                  'count' =&gt; 0
              )
          )
      )
  ).
--- Expected
+++ Actual
@@ @@
       array (
       ),
     ),
-    1 =&gt; 
-    array (
-      'id' =&gt; 2,
-      'isbn' =&gt; '9786815427942',
-      'title' =&gt; 'Iusto aut nulla recusandae ab distinctio provident.',
-      'description' =&gt; 'Ut excepturi et aut sit non. Mollitia repellat possimus qui ea. Maxime est nemo et rerum fugit deleniti similique. Exercitationem ut officiis voluptatem et assumenda.',
-      'authors' =&gt; 
-      array (
-      ),
-      'review' =&gt; 
-      array (
-        'avg' =&gt; 0,
-        'count' =&gt; 0,
-      ),
-    ),
-    2 =&gt; 
-    array (
-      'id' =&gt; 3,
-      'isbn' =&gt; '9786376593124',
-      'title' =&gt; 'Aut molestiae eum libero deserunt veritatis saepe maiores.',
-      'description' =&gt; 'Et qui pariatur et eum distinctio quia fuga. Quibusdam dolores ea nemo exercitationem. Culpa aliquid quos atque. Esse laborum laboriosam magnam consequatur.',
-      'authors' =&gt; 
-      array (
-      ),
-      'review' =&gt; 
-      array (
-        'avg' =&gt; 0,
-        'count' =&gt; 0,
-      ),
-    ),
-    3 =&gt; 
-    array (
-      'id' =&gt; 4,
-      'isbn' =&gt; '9791575063156',
-      'title' =&gt; 'Esse reprehenderit totam labore aut eum eum sint.',
-      'description' =&gt; 'Doloremque rerum adipisci minus. Maxime voluptatum omnis architecto. Dignissimos facilis maxime ullam commodi.',
-      'authors' =&gt; 
-      array (
-      ),
-      'review' =&gt; 
-      array (
-        'avg' =&gt; 0,
-        'count' =&gt; 0,
-      ),
-    ),
-    4 =&gt; 
-    array (
-      'id' =&gt; 5,
-      'isbn' =&gt; '9786451142643',
-      'title' =&gt; 'Et magnam iste unde et.',
-      'description' =&gt; 'Nam voluptatibus aut ea fuga sit. Veritatis occaecati et nihil ab omnis. Quo impedit in qui magnam ut labore.',
-      'authors' =&gt; 
-      array (
-      ),
-      'review' =&gt; 
-      array (
-        'avg' =&gt; 0,
-        'count' =&gt; 0,
-      ),
-    ),
-    5 =&gt; 
-    array (
-      'id' =&gt; 6,
-      'isbn' =&gt; '9797529012782',
-      'title' =&gt; 'Maiores officia expedita suscipit impedit laborum ut qui.',
-      'description' =&gt; 'Pariatur quos ratione placeat suscipit molestiae est. Officiis ea vitae nemo. Corrupti omnis enim et culpa.',
-      'authors' =&gt; 
-      array (
-      ),
-      'review' =&gt; 
-      array (
-        'avg' =&gt; 0,
-        'count' =&gt; 0,
-      ),
-    ),
-    6 =&gt; 
-    array (
-      'id' =&gt; 7,
-      'isbn' =&gt; '9791022145367',
-      'title' =&gt; 'Est consectetur consequatur sed quas.',
-      'description' =&gt; 'Autem consequatur delectus id ad. Tempora totam nemo aut occaecati et.',
-      'authors' =&gt; 
-      array (
-      ),
-      'review' =&gt; 
-      array (
-        'avg' =&gt; 0,
-        'count' =&gt; 0,
-      ),
-    ),
-    7 =&gt; 
-    array (
-      'id' =&gt; 8,
-      'isbn' =&gt; '9790741257498',
-      'title' =&gt; 'Sint minima adipisci ducimus.',
-      'description' =&gt; 'Nesciunt et rerum animi pariatur fugit error et. Omnis dolores rerum debitis enim nam qui vero. Repellat amet earum asperiores. Pariatur mollitia nihil nam et.',
-      'authors' =&gt; 
-      array (
-      ),
-      'review' =&gt; 
-      array (
-        'avg' =&gt; 0,
-        'count' =&gt; 0,
-      ),
-    ),
-    8 =&gt; 
-    array (
-      'id' =&gt; 9,
-      'isbn' =&gt; '9799546109636',
-      'title' =&gt; 'Omnis molestiae error dolorum.',
-      'description' =&gt; 'Maxime fugit porro omnis molestiae qui aut. Rerum praesentium velit nihil in dignissimos. Exercitationem sit est voluptatibus. Consequuntur ut quia ut laborum totam voluptas consectetur.',
-      'authors' =&gt; 
-      array (
-      ),
-      'review' =&gt; 
-      array (
-        'avg' =&gt; 0,
-        'count' =&gt; 0,
-      ),
-    ),
-    9 =&gt; 
-    array (
-      'id' =&gt; 10,
-      'isbn' =&gt; '9785369750810',
-      'title' =&gt; 'Ut magni quo neque et ut quo.',
-      'description' =&gt; 'Asperiores ducimus aliquid inventore doloremque eos quia laborum velit. Cumque voluptatem fugit minus. Ipsa nesciunt illo inventore error natus.',
-      'authors' =&gt; 
-      array (
-      ),
-      'review' =&gt; 
-      array (
-        'avg' =&gt; 0,
-        'count' =&gt; 0,
-      ),
-    ),
-    10 =&gt; 
-    array (
-      'id' =&gt; 11,
-      'isbn' =&gt; '9799024484958',
-      'title' =&gt; 'Nesciunt magnam distinctio reiciendis ut.',
-      'description' =&gt; 'Vero ut quis consectetur sed est est. Modi numquam deserunt doloribus reprehenderit. Excepturi quia quo omnis aut. Et sed corporis voluptatem beatae.',
-      'authors' =&gt; 
-      array (
-      ),
-      'review' =&gt; 
-      array (
-        'avg' =&gt; 0,
-        'count' =&gt; 0,
-      ),
-    ),
-    11 =&gt; 
-    array (
-      'id' =&gt; 12,
-      'isbn' =&gt; '9797538228877',
-      'title' =&gt; 'Ut dicta aut dolor et itaque sit quos.',
-      'description' =&gt; 'Id ut est omnis quis cum non dolorum. Laboriosam eos maxime quia temporibus hic. Minima nostrum similique tenetur quia eos quidem.',
-      'authors' =&gt; 
-      array (
-      ),
-      'review' =&gt; 
-      array (
-        'avg' =&gt; 0,
-        'count' =&gt; 0,
-      ),
-    ),
-    12 =&gt; 
-    array (
-      'id' =&gt; 13,
-      'isbn' =&gt; '9794449591496',
-      'title' =&gt; 'Et vitae nostrum reiciendis est consequatur.',
-      'description' =&gt; 'Et alias iusto modi voluptates velit commodi expedita. Et excepturi ducimus optio et quidem. Dolorem incidunt ipsum nulla sed veritatis et voluptate.',
-      'authors' =&gt; 
-      array (
-      ),
-      'review' =&gt; 
-      array (
-        'avg' =&gt; 0,
-        'count' =&gt; 0,
-      ),
-    ),
-    13 =&gt; 
-    array (
-      'id' =&gt; 14,
-      'isbn' =&gt; '9792467374961',
-      'title' =&gt; 'Deserunt cumque beatae nihil quis doloremque earum.',
-      'description' =&gt; 'Omnis eos sed ut illum sit possimus. Minus minima aliquam amet accusamus aut. Sint repellendus esse nihil. Et commodi tempore consequatur.',
-      'authors' =&gt; 
-      array (
-      ),
-      'review' =&gt; 
-      array (
-        'avg' =&gt; 0,
-        'count' =&gt; 0,
-      ),
-    ),
-    14 =&gt; 
-    array (
-      'id' =&gt; 15,
-      'isbn' =&gt; '9791515662326',
-      'title' =&gt; 'Exercitationem deserunt rem voluptatem ut vel expedita.',
-      'description' =&gt; 'Voluptatem adipisci dolore officiis. Et odio repudiandae doloribus expedita illum voluptas quia. Vel dolorum sunt modi sequi expedita numquam. Dolorem recusandae sit quis voluptatem nihil quos.',
-      'authors' =&gt; 
-      array (
-      ),
-      'review' =&gt; 
-      array (
-        'avg' =&gt; 0,
-        'count' =&gt; 0,
-      ),
-    ),
   ),
   'links' =&gt; 
   array (

/Users/pooya/Downloads/tasks/a/example-app/vendor/laravel/framework/src/Illuminate/Testing/Constraints/ArraySubset.php:85
/Users/pooya/Downloads/tasks/a/example-app/vendor/laravel/framework/src/Illuminate/Testing/Assert.php:40
/Users/pooya/Downloads/tasks/a/example-app/vendor/laravel/framework/src/Illuminate/Testing/AssertableJsonString.php:273
/Users/pooya/Downloads/tasks/a/example-app/vendor/laravel/framework/src/Illuminate/Testing/TestResponse.php:695
/Users/pooya/Downloads/tasks/a/example-app/tests/Feature/BookListTest.php:209
/Users/pooya/Downloads/tasks/a/example-app/tests/Feature/BookListTest.php:198</failure>
        </testcase>
      </testsuite>
    </testsuite>
  </testsuite>
</testsuites>
