<?xml version="1.0" encoding="UTF-8"?>
<testsuites>
  <testsuite name="" tests="42" assertions="205" errors="0" warnings="0" failures="0" skipped="0" time="0.385530">
    <testsuite name="Feature" tests="42" assertions="205" errors="0" warnings="0" failures="0" skipped="0" time="0.385530">
      <testsuite name="Tests\Feature\BooksListTest" file="/Users/pooya/Downloads/tasks/a/example-app/tests/Feature/BookListTest.php" tests="7" assertions="100" errors="0" warnings="0" failures="0" skipped="0" time="0.146135">
        <testcase name="testResponseStructure" class="Tests\Feature\BooksListTest" classname="Tests.Feature.BooksListTest" file="/Users/pooya/Downloads/tasks/a/example-app/tests/Feature/BookListTest.php" line="14" assertions="76" time="0.077268"/>
        <testcase name="testListWithoutFilters" class="Tests\Feature\BooksListTest" classname="Tests.Feature.BooksListTest" file="/Users/pooya/Downloads/tasks/a/example-app/tests/Feature/BookListTest.php" line="72" assertions="2" time="0.014696"/>
        <testcase name="testTitleFilter" class="Tests\Feature\BooksListTest" classname="Tests.Feature.BooksListTest" file="/Users/pooya/Downloads/tasks/a/example-app/tests/Feature/BookListTest.php" line="92" assertions="4" time="0.007791"/>
        <testcase name="testAuthorsFilter" class="Tests\Feature\BooksListTest" classname="Tests.Feature.BooksListTest" file="/Users/pooya/Downloads/tasks/a/example-app/tests/Feature/BookListTest.php" line="109" assertions="6" time="0.010512"/>
        <testcase name="testTitleSort" class="Tests\Feature\BooksListTest" classname="Tests.Feature.BooksListTest" file="/Users/pooya/Downloads/tasks/a/example-app/tests/Feature/BookListTest.php" line="139" assertions="4" time="0.008037"/>
        <testcase name="testAvgReviewSort" class="Tests\Feature\BooksListTest" classname="Tests.Feature.BooksListTest" file="/Users/pooya/Downloads/tasks/a/example-app/tests/Feature/BookListTest.php" line="157" assertions="4" time="0.009127"/>
        <testcase name="testPagination" class="Tests\Feature\BooksListTest" classname="Tests.Feature.BooksListTest" file="/Users/pooya/Downloads/tasks/a/example-app/tests/Feature/BookListTest.php" line="189" assertions="4" time="0.018704"/>
      </testsuite>
      <testsuite name="Tests\Feature\BookPostTest" file="/Users/pooya/Downloads/tasks/a/example-app/tests/Feature/BookPostTest.php" tests="24" assertions="71" errors="0" warnings="0" failures="0" skipped="0" time="0.158300">
        <testcase name="testDenyGuestAccess" class="Tests\Feature\BookPostTest" classname="Tests.Feature.BookPostTest" file="/Users/pooya/Downloads/tasks/a/example-app/tests/Feature/BookPostTest.php" line="13" assertions="1" time="0.007572"/>
        <testcase name="testDenyNonAdminUserAccess" class="Tests\Feature\BookPostTest" classname="Tests.Feature.BookPostTest" file="/Users/pooya/Downloads/tasks/a/example-app/tests/Feature/BookPostTest.php" line="27" assertions="1" time="0.007884"/>
        <testcase name="testSuccessfulPost" class="Tests\Feature\BookPostTest" classname="Tests.Feature.BookPostTest" file="/Users/pooya/Downloads/tasks/a/example-app/tests/Feature/BookPostTest.php" line="44" assertions="6" time="0.009503"/>
        <testsuite name="Tests\Feature\BookPostTest::testValidation" tests="21" assertions="63" errors="0" warnings="0" failures="0" skipped="0" time="0.133341">
          <testcase name="testValidation with data set #0" class="Tests\Feature\BookPostTest" classname="Tests.Feature.BookPostTest" file="/Users/pooya/Downloads/tasks/a/example-app/tests/Feature/BookPostTest.php" line="72" assertions="3" time="0.006969"/>
          <testcase name="testValidation with data set #1" class="Tests\Feature\BookPostTest" classname="Tests.Feature.BookPostTest" file="/Users/pooya/Downloads/tasks/a/example-app/tests/Feature/BookPostTest.php" line="72" assertions="3" time="0.006570"/>
          <testcase name="testValidation with data set #2" class="Tests\Feature\BookPostTest" classname="Tests.Feature.BookPostTest" file="/Users/pooya/Downloads/tasks/a/example-app/tests/Feature/BookPostTest.php" line="72" assertions="3" time="0.006562"/>
          <testcase name="testValidation with data set #3" class="Tests\Feature\BookPostTest" classname="Tests.Feature.BookPostTest" file="/Users/pooya/Downloads/tasks/a/example-app/tests/Feature/BookPostTest.php" line="72" assertions="3" time="0.006326"/>
          <testcase name="testValidation with data set #4" class="Tests\Feature\BookPostTest" classname="Tests.Feature.BookPostTest" file="/Users/pooya/Downloads/tasks/a/example-app/tests/Feature/BookPostTest.php" line="72" assertions="3" time="0.006297"/>
          <testcase name="testValidation with data set #5" class="Tests\Feature\BookPostTest" classname="Tests.Feature.BookPostTest" file="/Users/pooya/Downloads/tasks/a/example-app/tests/Feature/BookPostTest.php" line="72" assertions="3" time="0.006273"/>
          <testcase name="testValidation with data set #6" class="Tests\Feature\BookPostTest" classname="Tests.Feature.BookPostTest" file="/Users/pooya/Downloads/tasks/a/example-app/tests/Feature/BookPostTest.php" line="72" assertions="3" time="0.006284"/>
          <testcase name="testValidation with data set #7" class="Tests\Feature\BookPostTest" classname="Tests.Feature.BookPostTest" file="/Users/pooya/Downloads/tasks/a/example-app/tests/Feature/BookPostTest.php" line="72" assertions="3" time="0.006478"/>
          <testcase name="testValidation with data set #8" class="Tests\Feature\BookPostTest" classname="Tests.Feature.BookPostTest" file="/Users/pooya/Downloads/tasks/a/example-app/tests/Feature/BookPostTest.php" line="72" assertions="3" time="0.006310"/>
          <testcase name="testValidation with data set #9" class="Tests\Feature\BookPostTest" classname="Tests.Feature.BookPostTest" file="/Users/pooya/Downloads/tasks/a/example-app/tests/Feature/BookPostTest.php" line="72" assertions="3" time="0.006377"/>
          <testcase name="testValidation with data set #10" class="Tests\Feature\BookPostTest" classname="Tests.Feature.BookPostTest" file="/Users/pooya/Downloads/tasks/a/example-app/tests/Feature/BookPostTest.php" line="72" assertions="3" time="0.006340"/>
          <testcase name="testValidation with data set #11" class="Tests\Feature\BookPostTest" classname="Tests.Feature.BookPostTest" file="/Users/pooya/Downloads/tasks/a/example-app/tests/Feature/BookPostTest.php" line="72" assertions="3" time="0.006395"/>
          <testcase name="testValidation with data set #12" class="Tests\Feature\BookPostTest" classname="Tests.Feature.BookPostTest" file="/Users/pooya/Downloads/tasks/a/example-app/tests/Feature/BookPostTest.php" line="72" assertions="3" time="0.006357"/>
          <testcase name="testValidation with data set #13" class="Tests\Feature\BookPostTest" classname="Tests.Feature.BookPostTest" file="/Users/pooya/Downloads/tasks/a/example-app/tests/Feature/BookPostTest.php" line="72" assertions="3" time="0.006316"/>
          <testcase name="testValidation with data set #14" class="Tests\Feature\BookPostTest" classname="Tests.Feature.BookPostTest" file="/Users/pooya/Downloads/tasks/a/example-app/tests/Feature/BookPostTest.php" line="72" assertions="3" time="0.006287"/>
          <testcase name="testValidation with data set #15" class="Tests\Feature\BookPostTest" classname="Tests.Feature.BookPostTest" file="/Users/pooya/Downloads/tasks/a/example-app/tests/Feature/BookPostTest.php" line="72" assertions="3" time="0.006178"/>
          <testcase name="testValidation with data set #16" class="Tests\Feature\BookPostTest" classname="Tests.Feature.BookPostTest" file="/Users/pooya/Downloads/tasks/a/example-app/tests/Feature/BookPostTest.php" line="72" assertions="3" time="0.006214"/>
          <testcase name="testValidation with data set #17" class="Tests\Feature\BookPostTest" classname="Tests.Feature.BookPostTest" file="/Users/pooya/Downloads/tasks/a/example-app/tests/Feature/BookPostTest.php" line="72" assertions="3" time="0.006201"/>
          <testcase name="testValidation with data set #18" class="Tests\Feature\BookPostTest" classname="Tests.Feature.BookPostTest" file="/Users/pooya/Downloads/tasks/a/example-app/tests/Feature/BookPostTest.php" line="72" assertions="3" time="0.006217"/>
          <testcase name="testValidation with data set #19" class="Tests\Feature\BookPostTest" classname="Tests.Feature.BookPostTest" file="/Users/pooya/Downloads/tasks/a/example-app/tests/Feature/BookPostTest.php" line="72" assertions="3" time="0.006168"/>
          <testcase name="testValidation with data set #20" class="Tests\Feature\BookPostTest" classname="Tests.Feature.BookPostTest" file="/Users/pooya/Downloads/tasks/a/example-app/tests/Feature/BookPostTest.php" line="72" assertions="3" time="0.006222"/>
        </testsuite>
      </testsuite>
      <testsuite name="Tests\Feature\BookReviewTest" file="/Users/pooya/Downloads/tasks/a/example-app/tests/Feature/BookReviewTest.php" tests="11" assertions="34" errors="0" warnings="0" failures="0" skipped="0" time="0.081095">
        <testcase name="testDenyGuestAccess" class="Tests\Feature\BookReviewTest" classname="Tests.Feature.BookReviewTest" file="/Users/pooya/Downloads/tasks/a/example-app/tests/Feature/BookReviewTest.php" line="14" assertions="1" time="0.006701"/>
        <testcase name="testSuccessfulPost" class="Tests\Feature\BookReviewTest" classname="Tests.Feature.BookReviewTest" file="/Users/pooya/Downloads/tasks/a/example-app/tests/Feature/BookReviewTest.php" line="26" assertions="6" time="0.011300"/>
        <testsuite name="Tests\Feature\BookReviewTest::testValidation" tests="9" assertions="27" errors="0" warnings="0" failures="0" skipped="0" time="0.063094">
          <testcase name="testValidation with data set #0" class="Tests\Feature\BookReviewTest" classname="Tests.Feature.BookReviewTest" file="/Users/pooya/Downloads/tasks/a/example-app/tests/Feature/BookReviewTest.php" line="64" assertions="3" time="0.014551"/>
          <testcase name="testValidation with data set #1" class="Tests\Feature\BookReviewTest" classname="Tests.Feature.BookReviewTest" file="/Users/pooya/Downloads/tasks/a/example-app/tests/Feature/BookReviewTest.php" line="64" assertions="3" time="0.006193"/>
          <testcase name="testValidation with data set #2" class="Tests\Feature\BookReviewTest" classname="Tests.Feature.BookReviewTest" file="/Users/pooya/Downloads/tasks/a/example-app/tests/Feature/BookReviewTest.php" line="64" assertions="3" time="0.006123"/>
          <testcase name="testValidation with data set #3" class="Tests\Feature\BookReviewTest" classname="Tests.Feature.BookReviewTest" file="/Users/pooya/Downloads/tasks/a/example-app/tests/Feature/BookReviewTest.php" line="64" assertions="3" time="0.005962"/>
          <testcase name="testValidation with data set #4" class="Tests\Feature\BookReviewTest" classname="Tests.Feature.BookReviewTest" file="/Users/pooya/Downloads/tasks/a/example-app/tests/Feature/BookReviewTest.php" line="64" assertions="3" time="0.005899"/>
          <testcase name="testValidation with data set #5" class="Tests\Feature\BookReviewTest" classname="Tests.Feature.BookReviewTest" file="/Users/pooya/Downloads/tasks/a/example-app/tests/Feature/BookReviewTest.php" line="64" assertions="3" time="0.006319"/>
          <testcase name="testValidation with data set #6" class="Tests\Feature\BookReviewTest" classname="Tests.Feature.BookReviewTest" file="/Users/pooya/Downloads/tasks/a/example-app/tests/Feature/BookReviewTest.php" line="64" assertions="3" time="0.006046"/>
          <testcase name="testValidation with data set #7" class="Tests\Feature\BookReviewTest" classname="Tests.Feature.BookReviewTest" file="/Users/pooya/Downloads/tasks/a/example-app/tests/Feature/BookReviewTest.php" line="64" assertions="3" time="0.006064"/>
          <testcase name="testValidation with data set #8" class="Tests\Feature\BookReviewTest" classname="Tests.Feature.BookReviewTest" file="/Users/pooya/Downloads/tasks/a/example-app/tests/Feature/BookReviewTest.php" line="64" assertions="3" time="0.005939"/>
        </testsuite>
      </testsuite>
    </testsuite>
  </testsuite>
</testsuites>
